


ARM Macro Assembler    Page 1 


    1 00000000         ;/******************************************************
                       ************************
    2 00000000         ; * @file:    startup_LPC11xx.s
    3 00000000         ; * @purpose: CMSIS ARM Cortex-M0 Core Device Startup Fi
                       le
    4 00000000         ;
    5 00000000         ; * @version: V1.02
    6 00000000         ; * @date:    27. July 2009
    7 00000000         ; *------- <<< Use Configuration Wizard in Context Menu 
                       >>> ------------------
    8 00000000         ; *
    9 00000000         ; * Copyright (C) 2009 ARM Limited. All rights reserved.
                       
   10 00000000         ; * ARM Limited (ARM) is supplying this software for use
                        with Cortex-M3
   11 00000000         ; * processor based microcontrollers.  This file can be 
                       freely distributed
   12 00000000         ; * within development tools that are supporting such AR
                       M based processors.
   13 00000000         ; *
   14 00000000         ; * THIS SOFTWARE IS PROVIDED "AS IS".  NO WARRANTIES, W
                       HETHER EXPRESS, IMPLIED
   15 00000000         ; * OR STATUTORY, INCLUDING, BUT NOT LIMITED TO, IMPLIED
                        WARRANTIES OF
   16 00000000         ; * MERCHANTABILITY AND FITNESS FOR A PARTICULAR PURPOSE
                        APPLY TO THIS SOFTWARE.
   17 00000000         ; * ARM SHALL NOT, IN ANY CIRCUMSTANCES, BE LIABLE FOR S
                       PECIAL, INCIDENTAL, OR
   18 00000000         ; * CONSEQUENTIAL DAMAGES, FOR ANY REASON WHATSOEVER.
   19 00000000         ; *
   20 00000000         ; ******************************************************
                       ***********************/
   21 00000000         
   22 00000000         
   23 00000000         ; <h> Stack Configuration
   24 00000000         ;   <o> Stack Size (in Bytes) <0x0-0xFFFFFFFF:8>
   25 00000000         ; </h>
   26 00000000         
   27 00000000 00000200 
                       Stack_Size
                               EQU              0x00000200
   28 00000000         
   29 00000000                 AREA             STACK, NOINIT, READWRITE, ALIGN
=3
   30 00000000         Stack_Mem
                               SPACE            Stack_Size
   31 00000200         __initial_sp
   32 00000200         
   33 00000200         
   34 00000200         ; <h> Heap Configuration
   35 00000200         ;   <o>  Heap Size (in Bytes) <0x0-0xFFFFFFFF:8>
   36 00000200         ; </h>
   37 00000200         
   38 00000200 00000000 
                       Heap_Size
                               EQU              0x00000000
   39 00000200         
   40 00000200                 AREA             HEAP, NOINIT, READWRITE, ALIGN=
3



ARM Macro Assembler    Page 2 


   41 00000000         __heap_base
   42 00000000         Heap_Mem
                               SPACE            Heap_Size
   43 00000000         __heap_limit
   44 00000000         
   45 00000000         
   46 00000000                 PRESERVE8
   47 00000000                 THUMB
   48 00000000         
   49 00000000         
   50 00000000         ; Vector Table Mapped to Address 0 at Reset
   51 00000000         
   52 00000000                 AREA             RESET, DATA, READONLY
   53 00000000                 EXPORT           __Vectors
   54 00000000         
   55 00000000 00000000 
                       __Vectors
                               DCD              __initial_sp ; Top of Stack
   56 00000004 00000000        DCD              Reset_Handler ; Reset Handler
   57 00000008 00000000        DCD              NMI_Handler ; NMI Handler
   58 0000000C 00000000        DCD              HardFault_Handler ; Hard Fault 
                                                            Handler
   59 00000010 00000000        DCD              0           ; Reserved
   60 00000014 00000000        DCD              0           ; Reserved
   61 00000018 00000000        DCD              0           ; Reserved
   62 0000001C 00000000        DCD              0           ; Reserved
   63 00000020 00000000        DCD              0           ; Reserved
   64 00000024 00000000        DCD              0           ; Reserved
   65 00000028 00000000        DCD              0           ; Reserved
   66 0000002C 00000000        DCD              SVC_Handler ; SVCall Handler
   67 00000030 00000000        DCD              0           ; Reserved
   68 00000034 00000000        DCD              0           ; Reserved
   69 00000038 00000000        DCD              PendSV_Handler ; PendSV Handler
                                                            
   70 0000003C 00000000        DCD              SysTick_Handler 
                                                            ; SysTick Handler
   71 00000040         
   72 00000040         ; External Interrupts
   73 00000040 00000000        DCD              WAKEUP_IRQHandler ; WAKEUP PIO0
                                                            .0 Interrupt
   74 00000044 00000000        DCD              WAKEUP_IRQHandler ; WAKEUP PIO0
                                                            .1 Interrupt
   75 00000048 00000000        DCD              WAKEUP_IRQHandler ; WAKEUP PIO0
                                                            .2 Interrupt
   76 0000004C 00000000        DCD              WAKEUP_IRQHandler ; WAKEUP PIO0
                                                            .3 Interrupt
   77 00000050 00000000        DCD              WAKEUP_IRQHandler ; WAKEUP PIO0
                                                            .4 Interrupt
   78 00000054 00000000        DCD              WAKEUP_IRQHandler ; WAKEUP PIO0
                                                            .5 Interrupt
   79 00000058 00000000        DCD              WAKEUP_IRQHandler ; WAKEUP PIO0
                                                            .6 Interrupt
   80 0000005C 00000000        DCD              WAKEUP_IRQHandler ; WAKEUP PIO0
                                                            .7 Interrupt
   81 00000060 00000000        DCD              WAKEUP_IRQHandler ; WAKEUP PIO0
                                                            .8 Interrupt
   82 00000064 00000000        DCD              WAKEUP_IRQHandler ; WAKEUP PIO0
                                                            .9 Interrupt
   83 00000068 00000000        DCD              WAKEUP_IRQHandler ; WAKEUP PIO0



ARM Macro Assembler    Page 3 


                                                            .10 Interrupt
   84 0000006C 00000000        DCD              WAKEUP_IRQHandler ; WAKEUP PIO0
                                                            .11 Interrupt
   85 00000070 00000000        DCD              WAKEUP_IRQHandler ; WAKEUP PIO1
                                                            .0 Interrupt
   86 00000074 00000000        DCD              0           ; Reserved
   87 00000078 00000000        DCD              SSP1_IRQHandler 
                                                            ; SSP1 Interrupt
   88 0000007C 00000000        DCD              I2C_IRQHandler ; I2C Interrupt
   89 00000080 00000000        DCD              TIMER16_0_IRQHandler ; 16-bit C
                                                            ounter Timer0 Inter
                                                            rupt
   90 00000084 00000000        DCD              TIMER16_1_IRQHandler ; 16-bit C
                                                            ounter Timer1 Inter
                                                            rupt
   91 00000088 00000000        DCD              TIMER32_0_IRQHandler ; 32-bit C
                                                            ounter Timer0 Inter
                                                            rupt
   92 0000008C 00000000        DCD              TIMER32_1_IRQHandler ; 32-bit C
                                                            ounter Timer1 Inter
                                                            rupt
   93 00000090 00000000        DCD              SSP0_IRQHandler 
                                                            ; SSP0 Interrupt
   94 00000094 00000000        DCD              UART_IRQHandler 
                                                            ; UART Interrupt
   95 00000098 00000000        DCD              0           ; Reserved
   96 0000009C 00000000        DCD              0           ; Reserved
   97 000000A0 00000000        DCD              ADC_IRQHandler ; ADC Interrupt
   98 000000A4 00000000        DCD              WDT_IRQHandler ; WDT Interrupt
   99 000000A8 00000000        DCD              BOD_IRQHandler ; BOD Interrupt
  100 000000AC 00000000        DCD              0           ; Reserved
  101 000000B0 00000000        DCD              PIOINT3_IRQHandler ; PIO INT3 I
                                                            nterrupt
  102 000000B4 00000000        DCD              PIOINT2_IRQHandler ; PIO INT2 I
                                                            nterrupt
  103 000000B8 00000000        DCD              PIOINT1_IRQHandler ; PIO INT1 I
                                                            nterrupt
  104 000000BC 00000000        DCD              PIOINT0_IRQHandler ; PIO INT0 I
                                                            nterrupt
  105 000000C0         
  106 000000C0         
  107 000000C0                 AREA             |.text|, CODE, READONLY
  108 00000000         
  109 00000000         
  110 00000000         ; Reset Handler
  111 00000000         
  112 00000000         Reset_Handler
                               PROC
  113 00000000                 EXPORT           Reset_Handler             [WEAK
]
  114 00000000                 IMPORT           SystemInit
  115 00000000                 IMPORT           __main
  116 00000000 4807            LDR              R0, =SystemInit
  117 00000002 4780            BLX              R0
  118 00000004 4807            LDR              R0, =__main
  119 00000006 4700            BX               R0
  120 00000008                 ENDP
  121 00000008         
  122 00000008         



ARM Macro Assembler    Page 4 


  123 00000008         ; Dummy Exception Handlers (infinite loops which can be 
                       modified)
  124 00000008         
  125 00000008         NMI_Handler
                               PROC
  126 00000008                 EXPORT           NMI_Handler               [WEAK
]
  127 00000008 E7FE            B                .
  128 0000000A                 ENDP
  130 0000000A         HardFault_Handler
                               PROC
  131 0000000A                 EXPORT           HardFault_Handler         [WEAK
]
  132 0000000A E7FE            B                .
  133 0000000C                 ENDP
  134 0000000C         SVC_Handler
                               PROC
  135 0000000C                 EXPORT           SVC_Handler               [WEAK
]
  136 0000000C E7FE            B                .
  137 0000000E                 ENDP
  138 0000000E         PendSV_Handler
                               PROC
  139 0000000E                 EXPORT           PendSV_Handler            [WEAK
]
  140 0000000E E7FE            B                .
  141 00000010                 ENDP
  142 00000010         SysTick_Handler
                               PROC
  143 00000010                 EXPORT           SysTick_Handler           [WEAK
]
  144 00000010 E7FE            B                .
  145 00000012                 ENDP
  146 00000012         
  147 00000012         Default_Handler
                               PROC
  148 00000012                 EXPORT           WAKEUP_IRQHandler            [W
EAK]
  149 00000012                 EXPORT           SSP1_IRQHandler             [WE
AK]
  150 00000012                 EXPORT           I2C_IRQHandler             [WEA
K]
  151 00000012                 EXPORT           TIMER16_0_IRQHandler         [W
EAK]
  152 00000012                 EXPORT           TIMER16_1_IRQHandler           
 [WEAK]
  153 00000012                 EXPORT           TIMER32_0_IRQHandler           
 [WEAK]
  154 00000012                 EXPORT           TIMER32_1_IRQHandler           
 [WEAK]
  155 00000012                 EXPORT           SSP0_IRQHandler             [WE
AK]
  156 00000012                 EXPORT           UART_IRQHandler             [WE
AK]
  157 00000012                 EXPORT           ADC_IRQHandler             [WEA
K]
  158 00000012                 EXPORT           WDT_IRQHandler             [WEA
K]
  159 00000012                 EXPORT           BOD_IRQHandler             [WEA



ARM Macro Assembler    Page 5 


K]
  160 00000012                 EXPORT           PIOINT3_IRQHandler            [
WEAK]
  161 00000012                 EXPORT           PIOINT2_IRQHandler            [
WEAK]
  162 00000012                 EXPORT           PIOINT1_IRQHandler            [
WEAK]
  163 00000012                 EXPORT           PIOINT0_IRQHandler            [
WEAK]
  164 00000012         
  165 00000012         WAKEUP_IRQHandler
  166 00000012         SSP1_IRQHandler
  167 00000012         I2C_IRQHandler
  168 00000012         TIMER16_0_IRQHandler
  169 00000012         TIMER16_1_IRQHandler
  170 00000012         TIMER32_0_IRQHandler
  171 00000012         TIMER32_1_IRQHandler
  172 00000012         SSP0_IRQHandler
  173 00000012         UART_IRQHandler
  174 00000012         ADC_IRQHandler
  175 00000012         WDT_IRQHandler
  176 00000012         BOD_IRQHandler
  177 00000012         PIOINT3_IRQHandler
  178 00000012         PIOINT2_IRQHandler
  179 00000012         PIOINT1_IRQHandler
  180 00000012         PIOINT0_IRQHandler
  181 00000012         
  182 00000012 E7FE            B                .
  183 00000014                 ENDP
  184 00000014         
  185 00000014         
  186 00000014                 ALIGN
  187 00000014         
  188 00000014         
  189 00000014         ; User Initial Stack & Heap
  190 00000014         
  191 00000014                 IF               :DEF:__MICROLIB
  198 00000014         
  199 00000014                 IMPORT           __use_two_region_memory
  200 00000014                 EXPORT           __user_initial_stackheap
  201 00000014         __user_initial_stackheap
  202 00000014         
  203 00000014 4804            LDR              R0, =  Heap_Mem
  204 00000016 4905            LDR              R1, =(Stack_Mem + Stack_Size)
  205 00000018 4A03            LDR              R2, = (Heap_Mem +  Heap_Size)
  206 0000001A 4B05            LDR              R3, = Stack_Mem
  207 0000001C 4770            BX               LR
  208 0000001E         
  209 0000001E 00 00           ALIGN
  210 00000020         
  211 00000020                 ENDIF
  212 00000020         
  213 00000020         
  214 00000020                 END
              00000000 
              00000000 
              00000000 
              00000200 
              00000000 



ARM Macro Assembler    Page 6 


Command Line: --debug --xref --diag_suppress=9931 --cpu=Cortex-M0 --apcs=interw
ork --depend=.\objects\startup_lpc11xx.d -o.\objects\startup_lpc11xx.o -I.\RTE\
_uart -IE:\keil\ARM\PACK\Keil\LPC1100_DFP\1.4.0\Device\Include\LPC11Uxx -IE:\ke
il\ARM\CMSIS\Include --predefine="__UVISION_VERSION SETA 523" --list=.\listings
\startup_lpc11xx.lst main\startup_LPC11xx.s



ARM Macro Assembler    Page 1 Alphabetic symbol ordering
Relocatable symbols

STACK 00000000

Symbol: STACK
   Definitions
      At line 29 in file main\startup_LPC11xx.s
   Uses
      None
Comment: STACK unused
Stack_Mem 00000000

Symbol: Stack_Mem
   Definitions
      At line 30 in file main\startup_LPC11xx.s
   Uses
      At line 204 in file main\startup_LPC11xx.s
      At line 206 in file main\startup_LPC11xx.s

__initial_sp 00000200

Symbol: __initial_sp
   Definitions
      At line 31 in file main\startup_LPC11xx.s
   Uses
      At line 55 in file main\startup_LPC11xx.s
Comment: __initial_sp used once
3 symbols



ARM Macro Assembler    Page 1 Alphabetic symbol ordering
Relocatable symbols

HEAP 00000000

Symbol: HEAP
   Definitions
      At line 40 in file main\startup_LPC11xx.s
   Uses
      None
Comment: HEAP unused
Heap_Mem 00000000

Symbol: Heap_Mem
   Definitions
      At line 42 in file main\startup_LPC11xx.s
   Uses
      At line 203 in file main\startup_LPC11xx.s
      At line 205 in file main\startup_LPC11xx.s

__heap_base 00000000

Symbol: __heap_base
   Definitions
      At line 41 in file main\startup_LPC11xx.s
   Uses
      None
Comment: __heap_base unused
__heap_limit 00000000

Symbol: __heap_limit
   Definitions
      At line 43 in file main\startup_LPC11xx.s
   Uses
      None
Comment: __heap_limit unused
4 symbols



ARM Macro Assembler    Page 1 Alphabetic symbol ordering
Relocatable symbols

RESET 00000000

Symbol: RESET
   Definitions
      At line 52 in file main\startup_LPC11xx.s
   Uses
      None
Comment: RESET unused
__Vectors 00000000

Symbol: __Vectors
   Definitions
      At line 55 in file main\startup_LPC11xx.s
   Uses
      At line 53 in file main\startup_LPC11xx.s
Comment: __Vectors used once
2 symbols



ARM Macro Assembler    Page 1 Alphabetic symbol ordering
Relocatable symbols

.text 00000000

Symbol: .text
   Definitions
      At line 107 in file main\startup_LPC11xx.s
   Uses
      None
Comment: .text unused
ADC_IRQHandler 00000012

Symbol: ADC_IRQHandler
   Definitions
      At line 174 in file main\startup_LPC11xx.s
   Uses
      At line 97 in file main\startup_LPC11xx.s
      At line 157 in file main\startup_LPC11xx.s

BOD_IRQHandler 00000012

Symbol: BOD_IRQHandler
   Definitions
      At line 176 in file main\startup_LPC11xx.s
   Uses
      At line 99 in file main\startup_LPC11xx.s
      At line 159 in file main\startup_LPC11xx.s

Default_Handler 00000012

Symbol: Default_Handler
   Definitions
      At line 147 in file main\startup_LPC11xx.s
   Uses
      None
Comment: Default_Handler unused
HardFault_Handler 0000000A

Symbol: HardFault_Handler
   Definitions
      At line 130 in file main\startup_LPC11xx.s
   Uses
      At line 58 in file main\startup_LPC11xx.s
      At line 131 in file main\startup_LPC11xx.s

I2C_IRQHandler 00000012

Symbol: I2C_IRQHandler
   Definitions
      At line 167 in file main\startup_LPC11xx.s
   Uses
      At line 88 in file main\startup_LPC11xx.s
      At line 150 in file main\startup_LPC11xx.s

NMI_Handler 00000008

Symbol: NMI_Handler
   Definitions
      At line 125 in file main\startup_LPC11xx.s
   Uses
      At line 57 in file main\startup_LPC11xx.s



ARM Macro Assembler    Page 2 Alphabetic symbol ordering
Relocatable symbols

      At line 126 in file main\startup_LPC11xx.s

PIOINT0_IRQHandler 00000012

Symbol: PIOINT0_IRQHandler
   Definitions
      At line 180 in file main\startup_LPC11xx.s
   Uses
      At line 104 in file main\startup_LPC11xx.s
      At line 163 in file main\startup_LPC11xx.s

PIOINT1_IRQHandler 00000012

Symbol: PIOINT1_IRQHandler
   Definitions
      At line 179 in file main\startup_LPC11xx.s
   Uses
      At line 103 in file main\startup_LPC11xx.s
      At line 162 in file main\startup_LPC11xx.s

PIOINT2_IRQHandler 00000012

Symbol: PIOINT2_IRQHandler
   Definitions
      At line 178 in file main\startup_LPC11xx.s
   Uses
      At line 102 in file main\startup_LPC11xx.s
      At line 161 in file main\startup_LPC11xx.s

PIOINT3_IRQHandler 00000012

Symbol: PIOINT3_IRQHandler
   Definitions
      At line 177 in file main\startup_LPC11xx.s
   Uses
      At line 101 in file main\startup_LPC11xx.s
      At line 160 in file main\startup_LPC11xx.s

PendSV_Handler 0000000E

Symbol: PendSV_Handler
   Definitions
      At line 138 in file main\startup_LPC11xx.s
   Uses
      At line 69 in file main\startup_LPC11xx.s
      At line 139 in file main\startup_LPC11xx.s

Reset_Handler 00000000

Symbol: Reset_Handler
   Definitions
      At line 112 in file main\startup_LPC11xx.s
   Uses
      At line 56 in file main\startup_LPC11xx.s
      At line 113 in file main\startup_LPC11xx.s

SSP0_IRQHandler 00000012

Symbol: SSP0_IRQHandler



ARM Macro Assembler    Page 3 Alphabetic symbol ordering
Relocatable symbols

   Definitions
      At line 172 in file main\startup_LPC11xx.s
   Uses
      At line 93 in file main\startup_LPC11xx.s
      At line 155 in file main\startup_LPC11xx.s

SSP1_IRQHandler 00000012

Symbol: SSP1_IRQHandler
   Definitions
      At line 166 in file main\startup_LPC11xx.s
   Uses
      At line 87 in file main\startup_LPC11xx.s
      At line 149 in file main\startup_LPC11xx.s

SVC_Handler 0000000C

Symbol: SVC_Handler
   Definitions
      At line 134 in file main\startup_LPC11xx.s
   Uses
      At line 66 in file main\startup_LPC11xx.s
      At line 135 in file main\startup_LPC11xx.s

SysTick_Handler 00000010

Symbol: SysTick_Handler
   Definitions
      At line 142 in file main\startup_LPC11xx.s
   Uses
      At line 70 in file main\startup_LPC11xx.s
      At line 143 in file main\startup_LPC11xx.s

TIMER16_0_IRQHandler 00000012

Symbol: TIMER16_0_IRQHandler
   Definitions
      At line 168 in file main\startup_LPC11xx.s
   Uses
      At line 89 in file main\startup_LPC11xx.s
      At line 151 in file main\startup_LPC11xx.s

TIMER16_1_IRQHandler 00000012

Symbol: TIMER16_1_IRQHandler
   Definitions
      At line 169 in file main\startup_LPC11xx.s
   Uses
      At line 90 in file main\startup_LPC11xx.s
      At line 152 in file main\startup_LPC11xx.s

TIMER32_0_IRQHandler 00000012

Symbol: TIMER32_0_IRQHandler
   Definitions
      At line 170 in file main\startup_LPC11xx.s
   Uses
      At line 91 in file main\startup_LPC11xx.s
      At line 153 in file main\startup_LPC11xx.s



ARM Macro Assembler    Page 4 Alphabetic symbol ordering
Relocatable symbols


TIMER32_1_IRQHandler 00000012

Symbol: TIMER32_1_IRQHandler
   Definitions
      At line 171 in file main\startup_LPC11xx.s
   Uses
      At line 92 in file main\startup_LPC11xx.s
      At line 154 in file main\startup_LPC11xx.s

UART_IRQHandler 00000012

Symbol: UART_IRQHandler
   Definitions
      At line 173 in file main\startup_LPC11xx.s
   Uses
      At line 94 in file main\startup_LPC11xx.s
      At line 156 in file main\startup_LPC11xx.s

WAKEUP_IRQHandler 00000012

Symbol: WAKEUP_IRQHandler
   Definitions
      At line 165 in file main\startup_LPC11xx.s
   Uses
      At line 73 in file main\startup_LPC11xx.s
      At line 74 in file main\startup_LPC11xx.s
      At line 75 in file main\startup_LPC11xx.s
      At line 76 in file main\startup_LPC11xx.s
      At line 77 in file main\startup_LPC11xx.s
      At line 78 in file main\startup_LPC11xx.s
      At line 79 in file main\startup_LPC11xx.s
      At line 80 in file main\startup_LPC11xx.s
      At line 81 in file main\startup_LPC11xx.s
      At line 82 in file main\startup_LPC11xx.s
      At line 83 in file main\startup_LPC11xx.s
      At line 84 in file main\startup_LPC11xx.s
      At line 85 in file main\startup_LPC11xx.s
      At line 148 in file main\startup_LPC11xx.s

WDT_IRQHandler 00000012

Symbol: WDT_IRQHandler
   Definitions
      At line 175 in file main\startup_LPC11xx.s
   Uses
      At line 98 in file main\startup_LPC11xx.s
      At line 158 in file main\startup_LPC11xx.s

__user_initial_stackheap 00000014

Symbol: __user_initial_stackheap
   Definitions
      At line 201 in file main\startup_LPC11xx.s
   Uses
      At line 200 in file main\startup_LPC11xx.s
Comment: __user_initial_stackheap used once
25 symbols



ARM Macro Assembler    Page 1 Alphabetic symbol ordering
Absolute symbols

Heap_Size 00000000

Symbol: Heap_Size
   Definitions
      At line 38 in file main\startup_LPC11xx.s
   Uses
      At line 42 in file main\startup_LPC11xx.s
      At line 205 in file main\startup_LPC11xx.s

Stack_Size 00000200

Symbol: Stack_Size
   Definitions
      At line 27 in file main\startup_LPC11xx.s
   Uses
      At line 30 in file main\startup_LPC11xx.s
      At line 204 in file main\startup_LPC11xx.s

2 symbols



ARM Macro Assembler    Page 1 Alphabetic symbol ordering
External symbols

SystemInit 00000000

Symbol: SystemInit
   Definitions
      At line 114 in file main\startup_LPC11xx.s
   Uses
      At line 116 in file main\startup_LPC11xx.s
Comment: SystemInit used once
__main 00000000

Symbol: __main
   Definitions
      At line 115 in file main\startup_LPC11xx.s
   Uses
      At line 118 in file main\startup_LPC11xx.s
Comment: __main used once
__use_two_region_memory 00000000

Symbol: __use_two_region_memory
   Definitions
      At line 199 in file main\startup_LPC11xx.s
   Uses
      None
Comment: __use_two_region_memory unused
3 symbols
374 symbols in table
