


ARM Macro Assembler    Page 1 


    1 00000000         ;/******************************************************
                       ********************//**
    2 00000000         ; * @file     startup_LPC11Uxx.s
    3 00000000         ; * @brief    CMSIS Cortex-M0 Core Device Startup File
    4 00000000         ; *           for the NXP LPC11Uxx Device Series
    5 00000000         ; * @version  V1.10
    6 00000000         ; * @date     24. November 2010
    7 00000000         ; *------- <<< Use Configuration Wizard in Context Menu 
                       >>> ------------------
    8 00000000         ; *
    9 00000000         ; * @note
   10 00000000         ; * Copyright (C) 2009-2010 ARM Limited. All rights rese
                       rved.
   11 00000000         ; *
   12 00000000         ; * @par
   13 00000000         ; * ARM Limited (ARM) is supplying this software for use
                        with Cortex-M 
   14 00000000         ; * processor based microcontrollers.  This file can be 
                       freely distributed 
   15 00000000         ; * within development tools that are supporting such AR
                       M based processors. 
   16 00000000         ; *
   17 00000000         ; * @par
   18 00000000         ; * THIS SOFTWARE IS PROVIDED "AS IS".  NO WARRANTIES, W
                       HETHER EXPRESS, IMPLIED
   19 00000000         ; * OR STATUTORY, INCLUDING, BUT NOT LIMITED TO, IMPLIED
                        WARRANTIES OF
   20 00000000         ; * MERCHANTABILITY AND FITNESS FOR A PARTICULAR PURPOSE
                        APPLY TO THIS SOFTWARE.
   21 00000000         ; * ARM SHALL NOT, IN ANY CIRCUMSTANCES, BE LIABLE FOR S
                       PECIAL, INCIDENTAL, OR
   22 00000000         ; * CONSEQUENTIAL DAMAGES, FOR ANY REASON WHATSOEVER.
   23 00000000         ; *
   24 00000000         ; ******************************************************
                       ************************/
   25 00000000         
   26 00000000         
   27 00000000         ; <h> Stack Configuration
   28 00000000         ;   <o> Stack Size (in Bytes) <0x0-0xFFFFFFFF:8>
   29 00000000         ; </h>
   30 00000000         
   31 00000000 00000200 
                       Stack_Size
                               EQU              0x00000200
   32 00000000         
   33 00000000                 AREA             STACK, NOINIT, READWRITE, ALIGN
=3
   34 00000000         Stack_Mem
                               SPACE            Stack_Size
   35 00000200         __initial_sp
   36 00000200         
   37 00000200         
   38 00000200         ; <h> Heap Configuration
   39 00000200         ;   <o>  Heap Size (in Bytes) <0x0-0xFFFFFFFF:8>
   40 00000200         ; </h>
   41 00000200         
   42 00000200 00000000 
                       Heap_Size
                               EQU              0x00000000



ARM Macro Assembler    Page 2 


   43 00000200         
   44 00000200                 AREA             HEAP, NOINIT, READWRITE, ALIGN=
3
   45 00000000         __heap_base
   46 00000000         Heap_Mem
                               SPACE            Heap_Size
   47 00000000         __heap_limit
   48 00000000         
   49 00000000         
   50 00000000                 PRESERVE8
   51 00000000                 THUMB
   52 00000000         
   53 00000000         
   54 00000000         ; Vector Table Mapped to Address 0 at Reset
   55 00000000         
   56 00000000                 AREA             RESET, DATA, READONLY
   57 00000000                 EXPORT           __Vectors
   58 00000000         
   59 00000000 00000000 
                       __Vectors
                               DCD              __initial_sp ; Top of Stack
   60 00000004 00000000        DCD              Reset_Handler ; Reset Handler
   61 00000008 00000000        DCD              NMI_Handler ; NMI Handler
   62 0000000C 00000000        DCD              HardFault_Handler ; Hard Fault 
                                                            Handler
   63 00000010 00000000        DCD              0           ; Reserved
   64 00000014 00000000        DCD              0           ; Reserved
   65 00000018 00000000        DCD              0           ; Reserved
   66 0000001C 00000000        DCD              0           ; Reserved
   67 00000020 00000000        DCD              0           ; Reserved
   68 00000024 00000000        DCD              0           ; Reserved
   69 00000028 00000000        DCD              0           ; Reserved
   70 0000002C 00000000        DCD              SVC_Handler ; SVCall Handler
   71 00000030 00000000        DCD              0           ; Reserved
   72 00000034 00000000        DCD              0           ; Reserved
   73 00000038 00000000        DCD              PendSV_Handler ; PendSV Handler
                                                            
   74 0000003C 00000000        DCD              SysTick_Handler 
                                                            ; SysTick Handler
   75 00000040         
   76 00000040         ; External Interrupts
   77 00000040 00000000        DCD              FLEX_INT0_IRQHandler ; All GPIO
                                                             pin can be routed 
                                                            to FLEX_INTx
   78 00000044 00000000        DCD              FLEX_INT1_IRQHandler
   79 00000048 00000000        DCD              FLEX_INT2_IRQHandler
   80 0000004C 00000000        DCD              FLEX_INT3_IRQHandler
   81 00000050 00000000        DCD              FLEX_INT4_IRQHandler
   82 00000054 00000000        DCD              FLEX_INT5_IRQHandler
   83 00000058 00000000        DCD              FLEX_INT6_IRQHandler
   84 0000005C 00000000        DCD              FLEX_INT7_IRQHandler
   85 00000060 00000000        DCD              GINT0_IRQHandler
   86 00000064 00000000        DCD              GINT1_IRQHandler ; PIO0 (0:7)  
                                                                        
   87 00000068 00000000        DCD              Reserved_IRQHandler ; Reserved
   88 0000006C 00000000        DCD              Reserved_IRQHandler
   89 00000070 00000000        DCD              Reserved_IRQHandler
   90 00000074 00000000        DCD              Reserved_IRQHandler
   91 00000078 00000000        DCD              SSP1_IRQHandler ; SSP1         



ARM Macro Assembler    Page 3 


                                                                  
   92 0000007C 00000000        DCD              I2C_IRQHandler ; I2C
   93 00000080 00000000        DCD              TIMER16_0_IRQHandler 
                                                            ; 16-bit Timer0
   94 00000084 00000000        DCD              TIMER16_1_IRQHandler 
                                                            ; 16-bit Timer1
   95 00000088 00000000        DCD              TIMER32_0_IRQHandler 
                                                            ; 32-bit Timer0
   96 0000008C 00000000        DCD              TIMER32_1_IRQHandler 
                                                            ; 32-bit Timer1
   97 00000090 00000000        DCD              SSP0_IRQHandler ; SSP0
   98 00000094 00000000        DCD              UART_IRQHandler ; UART
   99 00000098 00000000        DCD              USB_IRQHandler ; USB IRQ
  100 0000009C 00000000        DCD              USB_FIQHandler ; USB FIQ
  101 000000A0 00000000        DCD              ADC_IRQHandler ; A/D Converter
  102 000000A4 00000000        DCD              WDT_IRQHandler ; Watchdog timer
                                                            
  103 000000A8 00000000        DCD              BOD_IRQHandler 
                                                            ; Brown Out Detect
  104 000000AC 00000000        DCD              FMC_IRQHandler ; IP2111 Flash M
                                                            emory Controller
  105 000000B0 00000000        DCD              Reserved_IRQHandler ; Reserved
  106 000000B4 00000000        DCD              Reserved_IRQHandler ; Reserved
  107 000000B8 00000000        DCD              USBWakeup_IRQHandler 
                                                            ; USB wake up
  108 000000BC 00000000        DCD              Reserved_IRQHandler ; Reserved
  109 000000C0         
  110 000000C0         
  111 000000C0                 IF               :LNOT::DEF:NO_CRP
  114                          ENDIF
  115 000000C0         
  116 000000C0         
  117 000000C0                 AREA             |.text|, CODE, READONLY
  118 00000000         
  119 00000000         
  120 00000000         ; Reset Handler
  121 00000000         
  122 00000000         Reset_Handler
                               PROC
  123 00000000                 EXPORT           Reset_Handler             [WEAK
]
  124 00000000                 IMPORT           SystemInit
  125 00000000                 IMPORT           __main
  126 00000000 4807            LDR              R0, =SystemInit
  127 00000002 4780            BLX              R0
  128 00000004 4807            LDR              R0, =__main
  129 00000006 4700            BX               R0
  130 00000008                 ENDP
  131 00000008         
  132 00000008         
  133 00000008         ; Dummy Exception Handlers (infinite loops which can be 
                       modified)                
  134 00000008         
  135 00000008         ; now, under COMMON NMI.c and NMI.h, a real NMI handler 
                       is created if NMI is enabled 
  136 00000008         ; for particular peripheral.
  137 00000008         ;NMI_Handler     PROC
  138 00000008         ;                EXPORT  NMI_Handler               [WEAK
                       ]



ARM Macro Assembler    Page 4 


  139 00000008         ;                B       .
  140 00000008         ;                ENDP
  142 00000008         HardFault_Handler
                               PROC
  143 00000008                 EXPORT           HardFault_Handler         [WEAK
]
  144 00000008 E7FE            B                .
  145 0000000A                 ENDP
  146 0000000A         SVC_Handler
                               PROC
  147 0000000A                 EXPORT           SVC_Handler               [WEAK
]
  148 0000000A E7FE            B                .
  149 0000000C                 ENDP
  150 0000000C         PendSV_Handler
                               PROC
  151 0000000C                 EXPORT           PendSV_Handler            [WEAK
]
  152 0000000C E7FE            B                .
  153 0000000E                 ENDP
  154 0000000E         SysTick_Handler
                               PROC
  155 0000000E                 EXPORT           SysTick_Handler           [WEAK
]
  156 0000000E E7FE            B                .
  157 00000010                 ENDP
  158 00000010         Reserved_IRQHandler
                               PROC
  159 00000010                 EXPORT           Reserved_IRQHandler       [WEAK
]
  160 00000010 E7FE            B                .
  161 00000012                 ENDP
  162 00000012         
  163 00000012         Default_Handler
                               PROC
  164 00000012                 EXPORT           NMI_Handler               [WEAK
]
  165 00000012                 EXPORT           FLEX_INT0_IRQHandler      [WEAK
]
  166 00000012                 EXPORT           FLEX_INT1_IRQHandler      [WEAK
]
  167 00000012                 EXPORT           FLEX_INT2_IRQHandler      [WEAK
]
  168 00000012                 EXPORT           FLEX_INT3_IRQHandler      [WEAK
]
  169 00000012                 EXPORT           FLEX_INT4_IRQHandler      [WEAK
]
  170 00000012                 EXPORT           FLEX_INT5_IRQHandler      [WEAK
]
  171 00000012                 EXPORT           FLEX_INT6_IRQHandler      [WEAK
]
  172 00000012                 EXPORT           FLEX_INT7_IRQHandler      [WEAK
]
  173 00000012                 EXPORT           GINT0_IRQHandler          [WEAK
]
  174 00000012                 EXPORT           GINT1_IRQHandler          [WEAK
]
  175 00000012                 EXPORT           SSP1_IRQHandler           [WEAK
]



ARM Macro Assembler    Page 5 


  176 00000012                 EXPORT           I2C_IRQHandler            [WEAK
]
  177 00000012                 EXPORT           TIMER16_0_IRQHandler      [WEAK
]
  178 00000012                 EXPORT           TIMER16_1_IRQHandler      [WEAK
]
  179 00000012                 EXPORT           TIMER32_0_IRQHandler      [WEAK
]
  180 00000012                 EXPORT           TIMER32_1_IRQHandler      [WEAK
]
  181 00000012                 EXPORT           SSP0_IRQHandler           [WEAK
]
  182 00000012                 EXPORT           UART_IRQHandler           [WEAK
]
  183 00000012         
  184 00000012                 EXPORT           USB_IRQHandler            [WEAK
]
  185 00000012                 EXPORT           USB_FIQHandler            [WEAK
]
  186 00000012                 EXPORT           ADC_IRQHandler            [WEAK
]
  187 00000012                 EXPORT           WDT_IRQHandler            [WEAK
]
  188 00000012                 EXPORT           BOD_IRQHandler            [WEAK
]
  189 00000012                 EXPORT           FMC_IRQHandler            [WEAK
]
  190 00000012                 EXPORT           USBWakeup_IRQHandler      [WEAK
]
  191 00000012         
  192 00000012         NMI_Handler
  193 00000012         FLEX_INT0_IRQHandler
  194 00000012         FLEX_INT1_IRQHandler
  195 00000012         FLEX_INT2_IRQHandler
  196 00000012         FLEX_INT3_IRQHandler
  197 00000012         FLEX_INT4_IRQHandler
  198 00000012         FLEX_INT5_IRQHandler
  199 00000012         FLEX_INT6_IRQHandler
  200 00000012         FLEX_INT7_IRQHandler
  201 00000012         GINT0_IRQHandler
  202 00000012         GINT1_IRQHandler
  203 00000012         SSP1_IRQHandler
  204 00000012         I2C_IRQHandler
  205 00000012         TIMER16_0_IRQHandler
  206 00000012         TIMER16_1_IRQHandler
  207 00000012         TIMER32_0_IRQHandler
  208 00000012         TIMER32_1_IRQHandler
  209 00000012         SSP0_IRQHandler
  210 00000012         UART_IRQHandler
  211 00000012         USB_IRQHandler
  212 00000012         USB_FIQHandler
  213 00000012         ADC_IRQHandler
  214 00000012         WDT_IRQHandler
  215 00000012         BOD_IRQHandler
  216 00000012         FMC_IRQHandler
  217 00000012         USBWakeup_IRQHandler
  218 00000012         
  219 00000012 E7FE            B                .
  220 00000014         



ARM Macro Assembler    Page 6 


  221 00000014                 ENDP
  222 00000014         
  223 00000014         
  224 00000014                 ALIGN
  225 00000014         
  226 00000014         
  227 00000014         ; User Initial Stack & Heap
  228 00000014         
  229 00000014                 IF               :DEF:__MICROLIB
  236 00000014         
  237 00000014                 IMPORT           __use_two_region_memory
  238 00000014                 EXPORT           __user_initial_stackheap
  239 00000014         __user_initial_stackheap
  240 00000014         
  241 00000014 4804            LDR              R0, =  Heap_Mem
  242 00000016 4905            LDR              R1, =(Stack_Mem + Stack_Size)
  243 00000018 4A03            LDR              R2, = (Heap_Mem +  Heap_Size)
  244 0000001A 4B05            LDR              R3, = Stack_Mem
  245 0000001C 4770            BX               LR
  246 0000001E         
  247 0000001E 00 00           ALIGN
  248 00000020         
  249 00000020                 ENDIF
  250 00000020         
  251 00000020         
  252 00000020                 END
              00000000 
              00000000 
              00000000 
              00000200 
              00000000 
Command Line: --debug --xref --diag_suppress=9931 --cpu=Cortex-M0 --apcs=interw
ork --depend=.\obj\startup_lpc11uxx.d -o.\obj\startup_lpc11uxx.o -I.\RTE\_USBCo
mp_Release -IE:\keil\ARM\PACK\Keil\LPC1100_DFP\1.4.0\Device\Include\LPC11Uxx -I
E:\keil\ARM\CMSIS\Include --predefine="__UVISION_VERSION SETA 523" --predefine=
"NO_CRP SETA 1" --list=.\lst\startup_lpc11uxx.lst ..\Common\src\startup_LPC11Ux
x.s



ARM Macro Assembler    Page 1 Alphabetic symbol ordering
Relocatable symbols

STACK 00000000

Symbol: STACK
   Definitions
      At line 33 in file ..\Common\src\startup_LPC11Uxx.s
   Uses
      None
Comment: STACK unused
Stack_Mem 00000000

Symbol: Stack_Mem
   Definitions
      At line 34 in file ..\Common\src\startup_LPC11Uxx.s
   Uses
      At line 242 in file ..\Common\src\startup_LPC11Uxx.s
      At line 244 in file ..\Common\src\startup_LPC11Uxx.s

__initial_sp 00000200

Symbol: __initial_sp
   Definitions
      At line 35 in file ..\Common\src\startup_LPC11Uxx.s
   Uses
      At line 59 in file ..\Common\src\startup_LPC11Uxx.s
Comment: __initial_sp used once
3 symbols



ARM Macro Assembler    Page 1 Alphabetic symbol ordering
Relocatable symbols

HEAP 00000000

Symbol: HEAP
   Definitions
      At line 44 in file ..\Common\src\startup_LPC11Uxx.s
   Uses
      None
Comment: HEAP unused
Heap_Mem 00000000

Symbol: Heap_Mem
   Definitions
      At line 46 in file ..\Common\src\startup_LPC11Uxx.s
   Uses
      At line 241 in file ..\Common\src\startup_LPC11Uxx.s
      At line 243 in file ..\Common\src\startup_LPC11Uxx.s

__heap_base 00000000

Symbol: __heap_base
   Definitions
      At line 45 in file ..\Common\src\startup_LPC11Uxx.s
   Uses
      None
Comment: __heap_base unused
__heap_limit 00000000

Symbol: __heap_limit
   Definitions
      At line 47 in file ..\Common\src\startup_LPC11Uxx.s
   Uses
      None
Comment: __heap_limit unused
4 symbols



ARM Macro Assembler    Page 1 Alphabetic symbol ordering
Relocatable symbols

RESET 00000000

Symbol: RESET
   Definitions
      At line 56 in file ..\Common\src\startup_LPC11Uxx.s
   Uses
      None
Comment: RESET unused
__Vectors 00000000

Symbol: __Vectors
   Definitions
      At line 59 in file ..\Common\src\startup_LPC11Uxx.s
   Uses
      At line 57 in file ..\Common\src\startup_LPC11Uxx.s
Comment: __Vectors used once
2 symbols



ARM Macro Assembler    Page 1 Alphabetic symbol ordering
Relocatable symbols

.text 00000000

Symbol: .text
   Definitions
      At line 117 in file ..\Common\src\startup_LPC11Uxx.s
   Uses
      None
Comment: .text unused
ADC_IRQHandler 00000012

Symbol: ADC_IRQHandler
   Definitions
      At line 213 in file ..\Common\src\startup_LPC11Uxx.s
   Uses
      At line 101 in file ..\Common\src\startup_LPC11Uxx.s
      At line 186 in file ..\Common\src\startup_LPC11Uxx.s

BOD_IRQHandler 00000012

Symbol: BOD_IRQHandler
   Definitions
      At line 215 in file ..\Common\src\startup_LPC11Uxx.s
   Uses
      At line 103 in file ..\Common\src\startup_LPC11Uxx.s
      At line 188 in file ..\Common\src\startup_LPC11Uxx.s

Default_Handler 00000012

Symbol: Default_Handler
   Definitions
      At line 163 in file ..\Common\src\startup_LPC11Uxx.s
   Uses
      None
Comment: Default_Handler unused
FLEX_INT0_IRQHandler 00000012

Symbol: FLEX_INT0_IRQHandler
   Definitions
      At line 193 in file ..\Common\src\startup_LPC11Uxx.s
   Uses
      At line 77 in file ..\Common\src\startup_LPC11Uxx.s
      At line 165 in file ..\Common\src\startup_LPC11Uxx.s

FLEX_INT1_IRQHandler 00000012

Symbol: FLEX_INT1_IRQHandler
   Definitions
      At line 194 in file ..\Common\src\startup_LPC11Uxx.s
   Uses
      At line 78 in file ..\Common\src\startup_LPC11Uxx.s
      At line 166 in file ..\Common\src\startup_LPC11Uxx.s

FLEX_INT2_IRQHandler 00000012

Symbol: FLEX_INT2_IRQHandler
   Definitions
      At line 195 in file ..\Common\src\startup_LPC11Uxx.s
   Uses
      At line 79 in file ..\Common\src\startup_LPC11Uxx.s



ARM Macro Assembler    Page 2 Alphabetic symbol ordering
Relocatable symbols

      At line 167 in file ..\Common\src\startup_LPC11Uxx.s

FLEX_INT3_IRQHandler 00000012

Symbol: FLEX_INT3_IRQHandler
   Definitions
      At line 196 in file ..\Common\src\startup_LPC11Uxx.s
   Uses
      At line 80 in file ..\Common\src\startup_LPC11Uxx.s
      At line 168 in file ..\Common\src\startup_LPC11Uxx.s

FLEX_INT4_IRQHandler 00000012

Symbol: FLEX_INT4_IRQHandler
   Definitions
      At line 197 in file ..\Common\src\startup_LPC11Uxx.s
   Uses
      At line 81 in file ..\Common\src\startup_LPC11Uxx.s
      At line 169 in file ..\Common\src\startup_LPC11Uxx.s

FLEX_INT5_IRQHandler 00000012

Symbol: FLEX_INT5_IRQHandler
   Definitions
      At line 198 in file ..\Common\src\startup_LPC11Uxx.s
   Uses
      At line 82 in file ..\Common\src\startup_LPC11Uxx.s
      At line 170 in file ..\Common\src\startup_LPC11Uxx.s

FLEX_INT6_IRQHandler 00000012

Symbol: FLEX_INT6_IRQHandler
   Definitions
      At line 199 in file ..\Common\src\startup_LPC11Uxx.s
   Uses
      At line 83 in file ..\Common\src\startup_LPC11Uxx.s
      At line 171 in file ..\Common\src\startup_LPC11Uxx.s

FLEX_INT7_IRQHandler 00000012

Symbol: FLEX_INT7_IRQHandler
   Definitions
      At line 200 in file ..\Common\src\startup_LPC11Uxx.s
   Uses
      At line 84 in file ..\Common\src\startup_LPC11Uxx.s
      At line 172 in file ..\Common\src\startup_LPC11Uxx.s

FMC_IRQHandler 00000012

Symbol: FMC_IRQHandler
   Definitions
      At line 216 in file ..\Common\src\startup_LPC11Uxx.s
   Uses
      At line 104 in file ..\Common\src\startup_LPC11Uxx.s
      At line 189 in file ..\Common\src\startup_LPC11Uxx.s

GINT0_IRQHandler 00000012

Symbol: GINT0_IRQHandler



ARM Macro Assembler    Page 3 Alphabetic symbol ordering
Relocatable symbols

   Definitions
      At line 201 in file ..\Common\src\startup_LPC11Uxx.s
   Uses
      At line 85 in file ..\Common\src\startup_LPC11Uxx.s
      At line 173 in file ..\Common\src\startup_LPC11Uxx.s

GINT1_IRQHandler 00000012

Symbol: GINT1_IRQHandler
   Definitions
      At line 202 in file ..\Common\src\startup_LPC11Uxx.s
   Uses
      At line 86 in file ..\Common\src\startup_LPC11Uxx.s
      At line 174 in file ..\Common\src\startup_LPC11Uxx.s

HardFault_Handler 00000008

Symbol: HardFault_Handler
   Definitions
      At line 142 in file ..\Common\src\startup_LPC11Uxx.s
   Uses
      At line 62 in file ..\Common\src\startup_LPC11Uxx.s
      At line 143 in file ..\Common\src\startup_LPC11Uxx.s

I2C_IRQHandler 00000012

Symbol: I2C_IRQHandler
   Definitions
      At line 204 in file ..\Common\src\startup_LPC11Uxx.s
   Uses
      At line 92 in file ..\Common\src\startup_LPC11Uxx.s
      At line 176 in file ..\Common\src\startup_LPC11Uxx.s

NMI_Handler 00000012

Symbol: NMI_Handler
   Definitions
      At line 192 in file ..\Common\src\startup_LPC11Uxx.s
   Uses
      At line 61 in file ..\Common\src\startup_LPC11Uxx.s
      At line 164 in file ..\Common\src\startup_LPC11Uxx.s

PendSV_Handler 0000000C

Symbol: PendSV_Handler
   Definitions
      At line 150 in file ..\Common\src\startup_LPC11Uxx.s
   Uses
      At line 73 in file ..\Common\src\startup_LPC11Uxx.s
      At line 151 in file ..\Common\src\startup_LPC11Uxx.s

Reserved_IRQHandler 00000010

Symbol: Reserved_IRQHandler
   Definitions
      At line 158 in file ..\Common\src\startup_LPC11Uxx.s
   Uses
      At line 87 in file ..\Common\src\startup_LPC11Uxx.s
      At line 88 in file ..\Common\src\startup_LPC11Uxx.s



ARM Macro Assembler    Page 4 Alphabetic symbol ordering
Relocatable symbols

      At line 89 in file ..\Common\src\startup_LPC11Uxx.s
      At line 90 in file ..\Common\src\startup_LPC11Uxx.s
      At line 105 in file ..\Common\src\startup_LPC11Uxx.s
      At line 106 in file ..\Common\src\startup_LPC11Uxx.s
      At line 108 in file ..\Common\src\startup_LPC11Uxx.s
      At line 159 in file ..\Common\src\startup_LPC11Uxx.s

Reset_Handler 00000000

Symbol: Reset_Handler
   Definitions
      At line 122 in file ..\Common\src\startup_LPC11Uxx.s
   Uses
      At line 60 in file ..\Common\src\startup_LPC11Uxx.s
      At line 123 in file ..\Common\src\startup_LPC11Uxx.s

SSP0_IRQHandler 00000012

Symbol: SSP0_IRQHandler
   Definitions
      At line 209 in file ..\Common\src\startup_LPC11Uxx.s
   Uses
      At line 97 in file ..\Common\src\startup_LPC11Uxx.s
      At line 181 in file ..\Common\src\startup_LPC11Uxx.s

SSP1_IRQHandler 00000012

Symbol: SSP1_IRQHandler
   Definitions
      At line 203 in file ..\Common\src\startup_LPC11Uxx.s
   Uses
      At line 91 in file ..\Common\src\startup_LPC11Uxx.s
      At line 175 in file ..\Common\src\startup_LPC11Uxx.s

SVC_Handler 0000000A

Symbol: SVC_Handler
   Definitions
      At line 146 in file ..\Common\src\startup_LPC11Uxx.s
   Uses
      At line 70 in file ..\Common\src\startup_LPC11Uxx.s
      At line 147 in file ..\Common\src\startup_LPC11Uxx.s

SysTick_Handler 0000000E

Symbol: SysTick_Handler
   Definitions
      At line 154 in file ..\Common\src\startup_LPC11Uxx.s
   Uses
      At line 74 in file ..\Common\src\startup_LPC11Uxx.s
      At line 155 in file ..\Common\src\startup_LPC11Uxx.s

TIMER16_0_IRQHandler 00000012

Symbol: TIMER16_0_IRQHandler
   Definitions
      At line 205 in file ..\Common\src\startup_LPC11Uxx.s
   Uses
      At line 93 in file ..\Common\src\startup_LPC11Uxx.s



ARM Macro Assembler    Page 5 Alphabetic symbol ordering
Relocatable symbols

      At line 177 in file ..\Common\src\startup_LPC11Uxx.s

TIMER16_1_IRQHandler 00000012

Symbol: TIMER16_1_IRQHandler
   Definitions
      At line 206 in file ..\Common\src\startup_LPC11Uxx.s
   Uses
      At line 94 in file ..\Common\src\startup_LPC11Uxx.s
      At line 178 in file ..\Common\src\startup_LPC11Uxx.s

TIMER32_0_IRQHandler 00000012

Symbol: TIMER32_0_IRQHandler
   Definitions
      At line 207 in file ..\Common\src\startup_LPC11Uxx.s
   Uses
      At line 95 in file ..\Common\src\startup_LPC11Uxx.s
      At line 179 in file ..\Common\src\startup_LPC11Uxx.s

TIMER32_1_IRQHandler 00000012

Symbol: TIMER32_1_IRQHandler
   Definitions
      At line 208 in file ..\Common\src\startup_LPC11Uxx.s
   Uses
      At line 96 in file ..\Common\src\startup_LPC11Uxx.s
      At line 180 in file ..\Common\src\startup_LPC11Uxx.s

UART_IRQHandler 00000012

Symbol: UART_IRQHandler
   Definitions
      At line 210 in file ..\Common\src\startup_LPC11Uxx.s
   Uses
      At line 98 in file ..\Common\src\startup_LPC11Uxx.s
      At line 182 in file ..\Common\src\startup_LPC11Uxx.s

USBWakeup_IRQHandler 00000012

Symbol: USBWakeup_IRQHandler
   Definitions
      At line 217 in file ..\Common\src\startup_LPC11Uxx.s
   Uses
      At line 107 in file ..\Common\src\startup_LPC11Uxx.s
      At line 190 in file ..\Common\src\startup_LPC11Uxx.s

USB_FIQHandler 00000012

Symbol: USB_FIQHandler
   Definitions
      At line 212 in file ..\Common\src\startup_LPC11Uxx.s
   Uses
      At line 100 in file ..\Common\src\startup_LPC11Uxx.s
      At line 185 in file ..\Common\src\startup_LPC11Uxx.s

USB_IRQHandler 00000012

Symbol: USB_IRQHandler



ARM Macro Assembler    Page 6 Alphabetic symbol ordering
Relocatable symbols

   Definitions
      At line 211 in file ..\Common\src\startup_LPC11Uxx.s
   Uses
      At line 99 in file ..\Common\src\startup_LPC11Uxx.s
      At line 184 in file ..\Common\src\startup_LPC11Uxx.s

WDT_IRQHandler 00000012

Symbol: WDT_IRQHandler
   Definitions
      At line 214 in file ..\Common\src\startup_LPC11Uxx.s
   Uses
      At line 102 in file ..\Common\src\startup_LPC11Uxx.s
      At line 187 in file ..\Common\src\startup_LPC11Uxx.s

__user_initial_stackheap 00000014

Symbol: __user_initial_stackheap
   Definitions
      At line 239 in file ..\Common\src\startup_LPC11Uxx.s
   Uses
      At line 238 in file ..\Common\src\startup_LPC11Uxx.s
Comment: __user_initial_stackheap used once
35 symbols



ARM Macro Assembler    Page 1 Alphabetic symbol ordering
Absolute symbols

Heap_Size 00000000

Symbol: Heap_Size
   Definitions
      At line 42 in file ..\Common\src\startup_LPC11Uxx.s
   Uses
      At line 46 in file ..\Common\src\startup_LPC11Uxx.s
      At line 243 in file ..\Common\src\startup_LPC11Uxx.s

Stack_Size 00000200

Symbol: Stack_Size
   Definitions
      At line 31 in file ..\Common\src\startup_LPC11Uxx.s
   Uses
      At line 34 in file ..\Common\src\startup_LPC11Uxx.s
      At line 242 in file ..\Common\src\startup_LPC11Uxx.s

2 symbols



ARM Macro Assembler    Page 1 Alphabetic symbol ordering
External symbols

SystemInit 00000000

Symbol: SystemInit
   Definitions
      At line 124 in file ..\Common\src\startup_LPC11Uxx.s
   Uses
      At line 126 in file ..\Common\src\startup_LPC11Uxx.s
Comment: SystemInit used once
__main 00000000

Symbol: __main
   Definitions
      At line 125 in file ..\Common\src\startup_LPC11Uxx.s
   Uses
      At line 128 in file ..\Common\src\startup_LPC11Uxx.s
Comment: __main used once
__use_two_region_memory 00000000

Symbol: __use_two_region_memory
   Definitions
      At line 237 in file ..\Common\src\startup_LPC11Uxx.s
   Uses
      None
Comment: __use_two_region_memory unused
3 symbols
385 symbols in table
